生成启动时间为 2018/4/4 14:51:48。
     1>项目“D:\Codes\VS2010\Delaunay\Delaunay\Delaunay.vcxproj”在节点 2 上(build 个目标)。
     1>InitializeBuildStatus:
         正在创建“Debug\Delaunay.unsuccessfulbuild”，因为已指定“AlwaysCreate”。
       ClCompile:
         c:\Program Files (x86)\Microsoft Visual Studio 10.0\VC\bin\CL.exe /c /ZI /nologo /W3 /WX- /Od /Oy- /D _MBCS /Gm /EHsc /RTC1 /MDd /GS /fp:precise /Zc:wchar_t /Zc:forScope /Fo"Debug\\" /Fd"Debug\vc100.pdb" /Gd /TP /analyze- /errorReport:prompt Delaunay.cpp
         Delaunay.cpp
     1>d:\codes\vs2010\delaunay\delaunay\delaunay.cpp(76): warning C4018: “<”: 有符号/无符号不匹配
     1>d:\codes\vs2010\delaunay\delaunay\delaunay.cpp(78): warning C4018: “<”: 有符号/无符号不匹配
       Link:
         c:\Program Files (x86)\Microsoft Visual Studio 10.0\VC\bin\link.exe /ERRORREPORT:PROMPT /OUT:"D:\Codes\VS2010\Delaunay\Debug\Delaunay.exe" /NOLOGO kernel32.lib user32.lib gdi32.lib winspool.lib comdlg32.lib advapi32.lib shell32.lib ole32.lib oleaut32.lib uuid.lib odbc32.lib odbccp32.lib /MANIFEST /ManifestFile:"Debug\Delaunay.exe.intermediate.manifest" /MANIFESTUAC:"level='asInvoker' uiAccess='false'" /DEBUG /PDB:"D:\Codes\VS2010\Delaunay\Debug\Delaunay.pdb" /SUBSYSTEM:CONSOLE /TLBID:1 /DYNAMICBASE /NXCOMPAT /IMPLIB:"D:\Codes\VS2010\Delaunay\Debug\Delaunay.lib" /MACHINE:X86 Debug\Delaunay.obj
         Debug\IncremInsert.obj
         Debug\Pnt.obj
         Debug\test.obj
         Debug\Triangle.obj
         LINK : 没有找到 D:\Codes\VS2010\Delaunay\Debug\Delaunay.exe 或上一个增量链接没有生成它；正在执行完全链接
         Delaunay.vcxproj -> D:\Codes\VS2010\Delaunay\Debug\Delaunay.exe
       Manifest:
         C:\Program Files (x86)\Microsoft SDKs\Windows\v7.0A\bin\mt.exe /nologo /verbose /outputresource:"D:\Codes\VS2010\Delaunay\Debug\Delaunay.exe;#1" /manifest Debug\Delaunay.exe.intermediate.manifest
       FinalizeBuildStatus:
         正在删除文件“Debug\Delaunay.unsuccessfulbuild”。
         正在对“Debug\Delaunay.lastbuildstate”执行 Touch 任务。
     1>已完成生成项目“D:\Codes\VS2010\Delaunay\Delaunay\Delaunay.vcxproj”(build 个目标)的操作。

生成成功。

已用时间 00:00:02.22
